Arguments: 
  C:\Program Files\nodejs\node.exe C:\Program Files\nodejs\node_modules\yarn\bin\yarn.js add promise-polyfill --silent --no-progress

PATH: 
  D:\nvm\nvm\v12.14.1\node_modules\npm\node_modules\npm-lifecycle\node-gyp-bin;E:\Project（项目）\LBS-Attnd\client\node_modules\.bin;D:\nvm\nvm\v12.14.1\node_modules\npm\node_modules\npm-lifecycle\node-gyp-bin;E:\Project（项目）\LBS-Attnd\client\node_modules\.bin;D:\Xshell\;D:\XFTP\;C:\WINDOWS\system32;C:\WINDOWS;C:\WINDOWS\System32\Wbem;C:\WINDOWS\System32\WindowsPowerShell\v1.0\;C:\WINDOWS\System32\OpenSSH\;D:\Java\jdk1.8.0_131\bin;D:\Java\jdk1.8.0_131\jre\bin;D:\android-sdk-windows\ndk-bundle;D:\Git\cmd;D:\android-sdk-windows\platform-tools;D:\android-sdk-windows\tools;D:\apache-maven-3.6.3\bin;D:\xampp\php;C:\ProgramData\ComposerSetup\bin;D:\Geth;D:\nvm\nvm;C:\Program Files\nodejs;D:\MongoDB\bin;D:\flutter\bin;D:\Git LFS;D:\putty\;D:\Ruby27-x64\bin;D:\Python3.8.3\Scripts\;D:\Python3.8.3\;C:\Users\Allen's hp\AppData\Local\Microsoft\WindowsApps;C:\Users\Allen's hp\AppData\Roaming\npm;C:\Users\Allen's hp\AppData\Roaming\Composer\vendor\bin;D:\nvm\nvm;C:\Program Files\nodejs;C:\Users\Allen's hp\AppData\Local\atom\bin;D:\Microsoft VS Code\bin;D:\IntelliJ IDEA Community Edition 2020.1.4\bin;;C:\Users\Allen's hp\AppData\Local\GitHubDesktop\bin

Yarn version: 
  1.22.10

Node version: 
  12.14.1

Platform: 
  win32 x64

Trace: 
  Error: ENOENT: no such file or directory, copyfile 'C:\Users\Allen's hp\AppData\Local\Yarn\Cache\v6\npm-ansi-regex-3.0.0-ed0317c322064f79466c02966bddb605ab37d998-integrity\node_modules\ansi-regex\package.json' -> 'E:\Project（项目）\LBS-Attnd\client\node_modules\eslint\node_modules\ansi-regex\package.json'

npm manifest: 
  {
    "name": "attnd-taro",
    "version": "1.0.0",
    "private": true,
    "description": "LBS Attnd.",
    "scripts": {
      "build:weapp": "taro build --type weapp",
      "build:swan": "taro build --type swan",
      "build:alipay": "taro build --type alipay",
      "build:tt": "taro build --type tt",
      "build:h5": "taro build --type h5",
      "build:rn": "taro build --type rn",
      "dev:weapp": "npm run build:weapp -- --watch",
      "dev:swan": "npm run build:swan -- --watch",
      "dev:alipay": "npm run build:alipay -- --watch",
      "dev:tt": "npm run build:tt -- --watch",
      "dev:h5": "npm run build:h5 -- --watch",
      "dev:rn": "npm run build:rn -- --watch"
    },
    "author": "",
    "license": "MIT",
    "dependencies": {
      "@tarojs/async-await": "^1.2.26",
      "@tarojs/components": "^1.3.2",
      "@tarojs/router": "^1.3.2",
      "@tarojs/taro": "^1.3.2",
      "@tarojs/taro-alipay": "1.2.22",
      "@tarojs/taro-h5": "1.2.22",
      "@tarojs/taro-swan": "1.2.22",
      "@tarojs/taro-tt": "1.2.22",
      "@tarojs/taro-weapp": "^1.3.2",
      "nerv-devtools": "^1.3.9",
      "nervjs": "^1.3.9",
      "taro-ui": "^2.2.1"
    },
    "devDependencies": {
      "@tarojs/plugin-babel": "^1.2.22",
      "@tarojs/plugin-csso": "1.2.22",
      "@tarojs/plugin-less": "^1.2.22",
      "@tarojs/plugin-sass": "^1.2.26",
      "@tarojs/plugin-uglifyjs": "1.2.22",
      "@tarojs/webpack-runner": "^1.2.26",
      "@types/react": "^16.8.17",
      "@types/webpack-env": "^1.13.6",
      "babel-eslint": "^8.2.3",
      "babel-plugin-transform-class-properties": "^6.24.1",
      "babel-plugin-transform-decorators-legacy": "^1.3.4",
      "babel-plugin-transform-jsx-stylesheet": "^0.6.5",
      "babel-plugin-transform-object-rest-spread": "^6.26.0",
      "babel-preset-env": "^1.6.1",
      "eslint": "^4.19.1",
      "eslint-config-taro": "1.2.22",
      "eslint-plugin-import": "^2.17.2",
      "eslint-plugin-react": "^7.13.0",
      "eslint-plugin-taro": "1.2.22"
    }
  }

yarn manifest: 
  No manifest

Lockfile: 
  No lockfile
